(1318, 32, 32, 3)
//////////////////////////////
Loading Model and data sets...
//////////////////////////////
//////////////////////////////
Extracting background activations...
//////////////////////////////
writing to cache
//////////////////////////////
Extracting clean activations...
//////////////////////////////
is cached
//////////////////////////////
Extracting anomalous activations...
//////////////////////////////
writing to cache
//////////////////////////////
Calculating pvalues...
//////////////////////////////
run: 100
//////////////////////////////
Extracting background activations...
//////////////////////////////
is cached
//////////////////////////////
Extracting clean activations...
//////////////////////////////
is cached
//////////////////////////////
Extracting anomalous activations...
//////////////////////////////
is cached
//////////////////////////////
Calculating pvalues...
//////////////////////////////
run: 100
1
True bj 100
0.47139999999999993
0.0
0.0
0.0
0.0
0.0
//////////////////////////////
Loading Model and data sets...
//////////////////////////////
//////////////////////////////
Extracting background activations...
//////////////////////////////
is cached
//////////////////////////////
Extracting clean activations...
//////////////////////////////
is cached
//////////////////////////////
Extracting anomalous activations...
//////////////////////////////
writing to cache
//////////////////////////////
Calculating pvalues...
//////////////////////////////
run: 100
//////////////////////////////
Extracting background activations...
//////////////////////////////
is cached
//////////////////////////////
Extracting clean activations...
//////////////////////////////
is cached
//////////////////////////////
Extracting anomalous activations...
//////////////////////////////
is cached
//////////////////////////////
Calculating pvalues...
//////////////////////////////
run: 100
2
True bj 100
0.44289999999999996
0.0
0.0
0.0
0.0
0.0
//////////////////////////////
Loading Model and data sets...
//////////////////////////////
//////////////////////////////
Extracting background activations...
//////////////////////////////
is cached
//////////////////////////////
Extracting clean activations...
//////////////////////////////
is cached
//////////////////////////////
Extracting anomalous activations...
//////////////////////////////
writing to cache
//////////////////////////////
Calculating pvalues...
//////////////////////////////
run: 100
//////////////////////////////
Extracting background activations...
//////////////////////////////
is cached
//////////////////////////////
Extracting clean activations...
//////////////////////////////
is cached
//////////////////////////////
Extracting anomalous activations...
//////////////////////////////
is cached
//////////////////////////////
Calculating pvalues...
//////////////////////////////
run: 100
3
True bj 100
0.4748
0.0
0.0
0.0
0.0
0.0
//////////////////////////////
Loading Model and data sets...
//////////////////////////////
//////////////////////////////
Extracting background activations...
//////////////////////////////
is cached
//////////////////////////////
Extracting clean activations...
//////////////////////////////
is cached
//////////////////////////////
Extracting anomalous activations...
//////////////////////////////
writing to cache
//////////////////////////////
Calculating pvalues...
//////////////////////////////
run: 100
//////////////////////////////
Extracting background activations...
//////////////////////////////
is cached
//////////////////////////////
Extracting clean activations...
//////////////////////////////
is cached
//////////////////////////////
Extracting anomalous activations...
//////////////////////////////
is cached
//////////////////////////////
Calculating pvalues...
//////////////////////////////
run: 100
4
True bj 100
0.484
0.0
0.0
0.0
0.0
0.0
//////////////////////////////
Loading Model and data sets...
//////////////////////////////
//////////////////////////////
Extracting background activations...
//////////////////////////////
is cached
//////////////////////////////
Extracting clean activations...
//////////////////////////////
is cached
//////////////////////////////
Extracting anomalous activations...
//////////////////////////////
writing to cache
//////////////////////////////
Calculating pvalues...
//////////////////////////////
run: 100
//////////////////////////////
Extracting background activations...
//////////////////////////////
is cached
//////////////////////////////
Extracting clean activations...
//////////////////////////////
is cached
//////////////////////////////
Extracting anomalous activations...
//////////////////////////////
is cached
//////////////////////////////
Calculating pvalues...
//////////////////////////////
run: 100
5
True bj 100
0.46590000000000004
0.0
0.0
0.0
0.0
0.0
//////////////////////////////
Loading Model and data sets...
//////////////////////////////
//////////////////////////////
Extracting background activations...
//////////////////////////////
is cached
//////////////////////////////
Extracting clean activations...
//////////////////////////////
is cached
//////////////////////////////
Extracting anomalous activations...
//////////////////////////////
writing to cache
//////////////////////////////
Calculating pvalues...
//////////////////////////////
run: 100
//////////////////////////////
Extracting background activations...
//////////////////////////////
is cached
//////////////////////////////
Extracting clean activations...
//////////////////////////////
is cached
//////////////////////////////
Extracting anomalous activations...
//////////////////////////////
is cached
//////////////////////////////
Calculating pvalues...
//////////////////////////////
run: 100
6
True bj 100
0.4046
0.0
0.0
0.0
0.0
0.0
//////////////////////////////
Loading Model and data sets...
//////////////////////////////
//////////////////////////////
Extracting background activations...
//////////////////////////////
is cached
//////////////////////////////
Extracting clean activations...
//////////////////////////////
is cached
//////////////////////////////
Extracting anomalous activations...
//////////////////////////////
writing to cache
//////////////////////////////
Calculating pvalues...
//////////////////////////////
run: 100
//////////////////////////////
Extracting background activations...
//////////////////////////////
is cached
//////////////////////////////
Extracting clean activations...
//////////////////////////////
is cached
//////////////////////////////
Extracting anomalous activations...
//////////////////////////////
is cached
//////////////////////////////
Calculating pvalues...
//////////////////////////////
run: 100
7
True bj 100
0.4674
0.0
0.0
0.0
0.0
0.0
//////////////////////////////
Loading Model and data sets...
//////////////////////////////
//////////////////////////////
Extracting background activations...
//////////////////////////////
is cached
//////////////////////////////
Extracting clean activations...
//////////////////////////////
is cached
//////////////////////////////
Extracting anomalous activations...
//////////////////////////////
writing to cache
//////////////////////////////
Calculating pvalues...
//////////////////////////////
run: 100
//////////////////////////////
Extracting background activations...
//////////////////////////////
is cached
//////////////////////////////
Extracting clean activations...
//////////////////////////////
is cached
//////////////////////////////
Extracting anomalous activations...
//////////////////////////////
is cached
//////////////////////////////
Calculating pvalues...
//////////////////////////////
run: 100
8
True bj 100
0.4178
0.0
0.0
0.0
0.0
0.0
//////////////////////////////
Loading Model and data sets...
//////////////////////////////
//////////////////////////////
Extracting background activations...
//////////////////////////////
is cached
//////////////////////////////
Extracting clean activations...
//////////////////////////////
is cached
//////////////////////////////
Extracting anomalous activations...
//////////////////////////////
writing to cache
//////////////////////////////
Calculating pvalues...
//////////////////////////////
run: 100
//////////////////////////////
Extracting background activations...
//////////////////////////////
is cached
//////////////////////////////
Extracting clean activations...
//////////////////////////////
is cached
//////////////////////////////
Extracting anomalous activations...
//////////////////////////////
is cached
//////////////////////////////
Calculating pvalues...
//////////////////////////////
run: 100
9
True bj 100
0.429
0.0
0.0
0.0
0.0
0.0
